Using pre-set license
Built from '2020.3/staging' branch; Version is '2020.3.17f1 (a4537701e4ab) revision 10769271'; Using compiler version '192528614'; Build Type 'Release'
OS: 'Windows 10 Home Single Language; OS build 19043.1165; Version 2009; 64bit' Language: 'en' Physical Memory: 7541 MB
BatchMode: 1, IsHumanControllingUs: 0, StartBugReporterOnCrash: 0, Is64bit: 1, IsPro: 0

COMMAND LINE ARGUMENTS:
D:\ProgramFile\Unity\Editor\2020.3.17f1\Editor\Unity.exe
-adb2
-batchMode
-noUpm
-name
AssetImportWorker2
-projectPath
D:/Projects/Unity/unity-game-maker/2D Combat In Progress
-logFile
Logs/AssetImportWorker2.log
-srvPort
56304
Successfully changed project path to: D:/Projects/Unity/unity-game-maker/2D Combat In Progress
D:/Projects/Unity/unity-game-maker/2D Combat In Progress
Using Asset Import Pipeline V2.
Refreshing native plugins compatible for Editor in 48.89 ms, found 3 plugins.
Preloading 0 native plugins for Editor in 0.00 ms.
Initialize engine version: 2020.3.17f1 (a4537701e4ab)
[Subsystems] Discovering subsystems at path D:/ProgramFile/Unity/Editor/2020.3.17f1/Editor/Data/Resources/UnitySubsystems
[Subsystems] Discovering subsystems at path D:/Projects/Unity/unity-game-maker/2D Combat In Progress/Assets
GfxDevice: creating device client; threaded=0
Direct3D:
    Version:  Direct3D 11.0 [level 11.1]
    Renderer: NVIDIA GeForce GTX 1650 (ID=0x1f99)
    Vendor:   
    VRAM:     3962 MB
    Driver:   27.21.14.6280
Initialize mono
Mono path[0] = 'D:/ProgramFile/Unity/Editor/2020.3.17f1/Editor/Data/Managed'
Mono path[1] = 'D:/ProgramFile/Unity/Editor/2020.3.17f1/Editor/Data/MonoBleedingEdge/lib/mono/unityjit'
Mono config path = 'D:/ProgramFile/Unity/Editor/2020.3.17f1/Editor/Data/MonoBleedingEdge/etc'
Using monoOptions --debugger-agent=transport=dt_socket,embedding=1,server=y,suspend=n,address=127.0.0.1:56272
Begin MonoManager ReloadAssembly
Registering precompiled unity dll's ...
Register platform support module: D:/ProgramFile/Unity/Editor/2020.3.17f1/Editor/Data/PlaybackEngines/WebGLSupport/UnityEditor.WebGL.Extensions.dll
Register platform support module: D:/ProgramFile/Unity/Editor/2020.3.17f1/Editor/Data/PlaybackEngines/WindowsStandaloneSupport/UnityEditor.WindowsStandalone.Extensions.dll
Register platform support module: D:/ProgramFile/Unity/Editor/2020.3.17f1/Editor/Data/PlaybackEngines/LinuxStandaloneSupport/UnityEditor.LinuxStandalone.Extensions.dll
Registered in 0.004914 seconds.
Native extension for LinuxStandalone target not found
Native extension for WindowsStandalone target not found
Native extension for WebGL target not found
Refreshing native plugins compatible for Editor in 64.96 ms, found 3 plugins.
Preloading 0 native plugins for Editor in 0.00 ms.
Mono: successfully reloaded assembly
- Completed reload, in  2.581 seconds
Domain Reload Profiling:
	ReloadAssembly (2582ms)
		BeginReloadAssembly (70ms)
			ExecutionOrderSort (0ms)
			DisableScriptedObjects (0ms)
			BackupInstance (0ms)
			ReleaseScriptingObjects (0ms)
			CreateAndSetChildDomain (1ms)
		EndReloadAssembly (475ms)
			LoadAssemblies (67ms)
			RebuildTransferFunctionScriptingTraits (0ms)
			SetupTypeCache (143ms)
			ReleaseScriptCaches (0ms)
			RebuildScriptCaches (38ms)
			SetupLoadedEditorAssemblies (212ms)
				LogAssemblyErrors (0ms)
				InitializePlatformSupportModulesInManaged (9ms)
				SetLoadedEditorAssemblies (0ms)
				RefreshPlugins (65ms)
				BeforeProcessingInitializeOnLoad (19ms)
				ProcessInitializeOnLoadAttributes (89ms)
				ProcessInitializeOnLoadMethodAttributes (29ms)
				AfterProcessingInitializeOnLoad (0ms)
				EditorAssembliesLoaded (0ms)
			ExecutionOrderSort2 (0ms)
			AwakeInstancesAfterBackupRestoration (0ms)
Platform modules already initialized, skipping
Registering precompiled user dll's ...
Registered in 0.007339 seconds.
Begin MonoManager ReloadAssembly
Native extension for LinuxStandalone target not found
Native extension for WindowsStandalone target not found
Native extension for WebGL target not found
Refreshing native plugins compatible for Editor in 45.73 ms, found 3 plugins.
Preloading 0 native plugins for Editor in 0.00 ms.
Mono: successfully reloaded assembly
- Completed reload, in  1.889 seconds
Domain Reload Profiling:
	ReloadAssembly (1891ms)
		BeginReloadAssembly (167ms)
			ExecutionOrderSort (0ms)
			DisableScriptedObjects (4ms)
			BackupInstance (0ms)
			ReleaseScriptingObjects (0ms)
			CreateAndSetChildDomain (21ms)
		EndReloadAssembly (1645ms)
			LoadAssemblies (591ms)
			RebuildTransferFunctionScriptingTraits (0ms)
			SetupTypeCache (299ms)
			ReleaseScriptCaches (0ms)
			RebuildScriptCaches (61ms)
			SetupLoadedEditorAssemblies (570ms)
				LogAssemblyErrors (0ms)
				InitializePlatformSupportModulesInManaged (18ms)
				SetLoadedEditorAssemblies (0ms)
				RefreshPlugins (46ms)
				BeforeProcessingInitializeOnLoad (119ms)
				ProcessInitializeOnLoadAttributes (358ms)
				ProcessInitializeOnLoadMethodAttributes (16ms)
				AfterProcessingInitializeOnLoad (12ms)
				EditorAssembliesLoaded (0ms)
			ExecutionOrderSort2 (0ms)
			AwakeInstancesAfterBackupRestoration (7ms)
Platform modules already initialized, skipping
========================================================================
Worker process is ready to serve import requests
Launched and connected shader compiler UnityShaderCompiler.exe after 0.25 seconds
Refreshing native plugins compatible for Editor in 0.64 ms, found 3 plugins.
Preloading 0 native plugins for Editor in 0.00 ms.
Unloading 2099 Unused Serialized files (Serialized files now loaded: 0)
System memory in use before: 93.5 MB.
System memory in use after: 93.6 MB.

Unloading 28 unused Assets to reduce memory usage. Loaded Objects now: 2538.
Total: 3.810000 ms (FindLiveObjects: 0.253900 ms CreateObjectMapping: 0.063100 ms MarkObjects: 3.400700 ms  DeleteObjects: 0.090100 ms)

AssetImportParameters requested are different than current active one (requested -> active):
  custom:framework-win-MediaFoundation: 216162199b28c13a410421893ffa2e32 -> 
  custom:video-decoder-ogg-theora: a1e56fd34408186e4bbccfd4996cb3dc -> 
  custom:container-muxer-webm: aa71ff27fc2769a1b78a27578f13a17b -> 
  custom:container-demuxer-webm: 4f35f7cbe854078d1ac9338744f61a02 -> 
  custom:container-demuxer-ogg: 62fdf1f143b41e24485cea50d1cbac27 -> 
  custom:video-encoder-webm-vp8: eb34c28f22e8b96e1ab97ce403110664 -> 
  custom:video-codec-MediaFoundation-h265: 746d11721c4dcdbdad8f713fa42b33f4 -> 
  custom:video-decoder-webm-vp8: 9c59270c3fd7afecdb556c50c9e8de78 -> 
  custom:audio-decoder-ogg-vorbis: bf7c407c2cedff20999df2af8eb42d56 -> 
  custom:audio-encoder-webm-vorbis: bf7c407c2cedff20999df2af8eb42d56 -> 
========================================================================
Received Import Request.
  path: Assets/Images/Knight Files/Body Parts/Body lower.png
  artifactKey: Guid(a1e0e055d326c5e4fb7b7ca0fc6edb34) Importer(815301076,1909f56bfc062723c751e8b465ee728b)
Start importing Assets/Images/Knight Files/Body Parts/Body lower.png using Guid(a1e0e055d326c5e4fb7b7ca0fc6edb34) Importer(815301076,1909f56bfc062723c751e8b465ee728b)  -> (artifact id: '1d8f6e0d91a82672446cd1ac0f31402b') in 0.292531 seconds 
  Import took 0.317121 seconds .

========================================================================
Received Import Request.
  Time since last request: 1.461680 seconds.
  path: Assets/Images/Knight Files/Body Parts/body upper.png
  artifactKey: Guid(75487c6a935a0e04c8fd5180a4629843) Importer(815301076,1909f56bfc062723c751e8b465ee728b)
Start importing Assets/Images/Knight Files/Body Parts/body upper.png using Guid(75487c6a935a0e04c8fd5180a4629843) Importer(815301076,1909f56bfc062723c751e8b465ee728b)  -> (artifact id: '4422f35c58c263c0d7fe3ea832db5b5b') in 0.021716 seconds 
  Import took 0.053285 seconds .

========================================================================
Received Import Request.
  Time since last request: 7.977527 seconds.
  path: Assets/Images/Knight Files/Body Parts/Legs 2.png
  artifactKey: Guid(c7c29e493e5ec5c4dbc47e3f88804acc) Importer(815301076,1909f56bfc062723c751e8b465ee728b)
Start importing Assets/Images/Knight Files/Body Parts/Legs 2.png using Guid(c7c29e493e5ec5c4dbc47e3f88804acc) Importer(815301076,1909f56bfc062723c751e8b465ee728b)  -> (artifact id: '88ce0c52093fe35f206cd3707616122d') in 0.073751 seconds 
  Import took 0.108435 seconds .

========================================================================
Received Import Request.
  Time since last request: 5.450867 seconds.
  path: Assets/Images/Knight Files/Body Parts/Right Arm.png
  artifactKey: Guid(a1628e11c8a2caf4fa6ef58ae827c15d) Importer(815301076,1909f56bfc062723c751e8b465ee728b)
Start importing Assets/Images/Knight Files/Body Parts/Right Arm.png using Guid(a1628e11c8a2caf4fa6ef58ae827c15d) Importer(815301076,1909f56bfc062723c751e8b465ee728b)  -> (artifact id: 'f3a53d121c45312ff49e4f651870d905') in 0.028160 seconds 
  Import took 0.068539 seconds .

========================================================================
Received Import Request.
  Time since last request: 586.199476 seconds.
  path: Assets/Prefabs
  artifactKey: Guid(2c93e792ab0eedb45a988e5047682d30) Importer(815301076,1909f56bfc062723c751e8b465ee728b)
Start importing Assets/Prefabs using Guid(2c93e792ab0eedb45a988e5047682d30) Importer(815301076,1909f56bfc062723c751e8b465ee728b)  -> (artifact id: 'f1f974a3d6e5544d7902a2c49a5b37e3') in 0.009355 seconds 
  Import took 0.028950 seconds .

========================================================================
Received Import Request.
  Time since last request: 0.003617 seconds.
  path: Assets/Prefabs
  artifactKey: Guid(2c93e792ab0eedb45a988e5047682d30) Importer(815301076,1909f56bfc062723c751e8b465ee728b)
Start importing Assets/Prefabs using Guid(2c93e792ab0eedb45a988e5047682d30) Importer(815301076,1909f56bfc062723c751e8b465ee728b)  -> (artifact id: 'f1f974a3d6e5544d7902a2c49a5b37e3') in 0.004410 seconds 
  Import took 0.008665 seconds .

========================================================================
Received Import Request.
  Time since last request: 9.876694 seconds.
  path: Assets/Prefabs/Knight
  artifactKey: Guid(ec6490aca99cede4c99331c6f37723d6) Importer(815301076,1909f56bfc062723c751e8b465ee728b)
Start importing Assets/Prefabs/Knight using Guid(ec6490aca99cede4c99331c6f37723d6) Importer(815301076,1909f56bfc062723c751e8b465ee728b)  -> (artifact id: 'cf5c6542b4a3c2d07d19ce16a2982252') in 0.008442 seconds 
  Import took 0.017559 seconds .

========================================================================
Received Import Request.
  Time since last request: 12.190340 seconds.
  path: Assets/Prefabs/Knight/Knight_win.prefab
  artifactKey: Guid(83a457664f4fa3c449277fda6a850be8) Importer(815301076,1909f56bfc062723c751e8b465ee728b)
Start importing Assets/Prefabs/Knight/Knight_win.prefab using Guid(83a457664f4fa3c449277fda6a850be8) Importer(815301076,1909f56bfc062723c751e8b465ee728b)  -> (artifact id: '1e83794f3f9c77ac333fbcdc5ce5def8') in 0.192321 seconds 
  Import took 0.215354 seconds .

========================================================================
Received Import Request.
  Time since last request: 3.882886 seconds.
  path: Assets/Prefabs/Knight/Knight_die.prefab
  artifactKey: Guid(96f7392c0a44a954f8d7f71b241213d4) Importer(815301076,1909f56bfc062723c751e8b465ee728b)
Start importing Assets/Prefabs/Knight/Knight_die.prefab using Guid(96f7392c0a44a954f8d7f71b241213d4) Importer(815301076,1909f56bfc062723c751e8b465ee728b)  -> (artifact id: '0270479419d59f39632518dfdf6f2127') in 0.062988 seconds 
  Import took 0.081464 seconds .

========================================================================
Received Import Request.
  Time since last request: 2.587957 seconds.
  path: Assets/Prefabs/Knight/Knight_dizzy.prefab
  artifactKey: Guid(3f1d3491218c38444881cfe61f183ece) Importer(815301076,1909f56bfc062723c751e8b465ee728b)
Start importing Assets/Prefabs/Knight/Knight_dizzy.prefab using Guid(3f1d3491218c38444881cfe61f183ece) Importer(815301076,1909f56bfc062723c751e8b465ee728b)  -> (artifact id: 'f1eb38a0daed5aff2341343181034913') in 0.078192 seconds 
  Import took 0.083035 seconds .

========================================================================
Received Import Request.
  Time since last request: 0.003151 seconds.
  path: Assets/Prefabs/Knight/Knight_dizzy.prefab
  artifactKey: Guid(3f1d3491218c38444881cfe61f183ece) Importer(815301076,1909f56bfc062723c751e8b465ee728b)
Start importing Assets/Prefabs/Knight/Knight_dizzy.prefab using Guid(3f1d3491218c38444881cfe61f183ece) Importer(815301076,1909f56bfc062723c751e8b465ee728b)  -> (artifact id: 'f1eb38a0daed5aff2341343181034913') in 0.013633 seconds 
  Import took 0.017850 seconds .

========================================================================
Received Import Request.
  Time since last request: 1.483980 seconds.
  path: Assets/Prefabs/Knight/Knight_hurt.prefab
  artifactKey: Guid(9c1fcdaabf4e12b4ba64db6e8da1dc74) Importer(815301076,1909f56bfc062723c751e8b465ee728b)
Start importing Assets/Prefabs/Knight/Knight_hurt.prefab using Guid(9c1fcdaabf4e12b4ba64db6e8da1dc74) Importer(815301076,1909f56bfc062723c751e8b465ee728b)  -> (artifact id: 'e29e6dc09865e1f37da6f623f7db3952') in 0.064779 seconds 
  Import took 0.092041 seconds .

========================================================================
Received Import Request.
  Time since last request: 6.456475 seconds.
  path: Assets/Prefabs/Knight/Knight_block.prefab
  artifactKey: Guid(98081c98b176bd546823a5d42c5f4b18) Importer(815301076,1909f56bfc062723c751e8b465ee728b)
Start importing Assets/Prefabs/Knight/Knight_block.prefab using Guid(98081c98b176bd546823a5d42c5f4b18) Importer(815301076,1909f56bfc062723c751e8b465ee728b)  -> (artifact id: 'dfd97993cb39ba93715900e99ff64f3b') in 0.082183 seconds 
  Import took 0.096909 seconds .

========================================================================
Received Import Request.
  Time since last request: 3.657761 seconds.
  path: Assets/Prefabs/Knight/Knight_dash.prefab
  artifactKey: Guid(69671f3dc7c1dc3418f346957f09d9e6) Importer(815301076,1909f56bfc062723c751e8b465ee728b)
Start importing Assets/Prefabs/Knight/Knight_dash.prefab using Guid(69671f3dc7c1dc3418f346957f09d9e6) Importer(815301076,1909f56bfc062723c751e8b465ee728b)  -> (artifact id: 'a145a5b3a9ef34763db8584c535ddb38') in 0.038129 seconds 
  Import took 0.058118 seconds .

========================================================================
Received Import Request.
  Time since last request: 0.001662 seconds.
  path: Assets/Prefabs/Knight/Knight_dash.prefab
  artifactKey: Guid(69671f3dc7c1dc3418f346957f09d9e6) Importer(815301076,1909f56bfc062723c751e8b465ee728b)
Start importing Assets/Prefabs/Knight/Knight_dash.prefab using Guid(69671f3dc7c1dc3418f346957f09d9e6) Importer(815301076,1909f56bfc062723c751e8b465ee728b)  -> (artifact id: 'a145a5b3a9ef34763db8584c535ddb38') in 0.013636 seconds 
  Import took 0.017895 seconds .

========================================================================
Received Import Request.
  Time since last request: 1.454402 seconds.
  path: Assets/Prefabs/Knight/Knight_cast.prefab
  artifactKey: Guid(616e582e7605820408534bef5b31e018) Importer(815301076,1909f56bfc062723c751e8b465ee728b)
Start importing Assets/Prefabs/Knight/Knight_cast.prefab using Guid(616e582e7605820408534bef5b31e018) Importer(815301076,1909f56bfc062723c751e8b465ee728b)  -> (artifact id: 'b5da5f7ca224dfd102e46366a229b790') in 0.062618 seconds 
  Import took 0.113049 seconds .

========================================================================
Received Import Request.
  Time since last request: 1.212096 seconds.
  path: Assets/Prefabs/Knight/Knight_strike.prefab
  artifactKey: Guid(f0963dc8803a4e94f9ee3aa287baa974) Importer(815301076,1909f56bfc062723c751e8b465ee728b)
Start importing Assets/Prefabs/Knight/Knight_strike.prefab using Guid(f0963dc8803a4e94f9ee3aa287baa974) Importer(815301076,1909f56bfc062723c751e8b465ee728b)  -> (artifact id: '663404db0cc544b92cb1748da515a218') in 0.084357 seconds 
  Import took 0.139888 seconds .

========================================================================
Received Import Request.
  Time since last request: 1.980750 seconds.
  path: Assets/Prefabs/Knight/Knight_jumpAttack.prefab
  artifactKey: Guid(756eae4ff668175408394bbd79d85af8) Importer(815301076,1909f56bfc062723c751e8b465ee728b)
Start importing Assets/Prefabs/Knight/Knight_jumpAttack.prefab using Guid(756eae4ff668175408394bbd79d85af8) Importer(815301076,1909f56bfc062723c751e8b465ee728b)  -> (artifact id: 'f7fc8208e501155c4878a1819f8e8f4f') in 0.082463 seconds 
  Import took 0.087477 seconds .

========================================================================
Received Import Request.
  Time since last request: 1.369951 seconds.
  path: Assets/Prefabs/Knight/Knight_attack.prefab
  artifactKey: Guid(ef3868cfc072b634e8784a2390a952f3) Importer(815301076,1909f56bfc062723c751e8b465ee728b)
Start importing Assets/Prefabs/Knight/Knight_attack.prefab using Guid(ef3868cfc072b634e8784a2390a952f3) Importer(815301076,1909f56bfc062723c751e8b465ee728b)  -> (artifact id: 'bbaef26da84d52b170210b5ee33b38f2') in 0.123538 seconds 
  Import took 0.142682 seconds .

========================================================================
Received Import Request.
  Time since last request: 1.354526 seconds.
  path: Assets/Prefabs/Knight/Knight_crouch.prefab
  artifactKey: Guid(b725949524470364da85fb8f930593f6) Importer(815301076,1909f56bfc062723c751e8b465ee728b)
Start importing Assets/Prefabs/Knight/Knight_crouch.prefab using Guid(b725949524470364da85fb8f930593f6) Importer(815301076,1909f56bfc062723c751e8b465ee728b)  -> (artifact id: '9a43c6422369df5b0ce59638e57ddc92') in 0.078700 seconds 
  Import took 0.102130 seconds .

========================================================================
Received Import Request.
  Time since last request: 1.610446 seconds.
  path: Assets/Prefabs/Knight/Knight_jump.prefab
  artifactKey: Guid(933d0d1655efc8b42acd7c42df92ad31) Importer(815301076,1909f56bfc062723c751e8b465ee728b)
Start importing Assets/Prefabs/Knight/Knight_jump.prefab using Guid(933d0d1655efc8b42acd7c42df92ad31) Importer(815301076,1909f56bfc062723c751e8b465ee728b)  -> (artifact id: '0d5ce80d35f5ba47827ac0b88fb52a81') in 0.034692 seconds 
  Import took 0.061294 seconds .

========================================================================
Received Import Request.
  Time since last request: 1.504846 seconds.
  path: Assets/Prefabs/Knight/Knight_walk.prefab
  artifactKey: Guid(d69d7d41835e9e84ea3e395ecc4149e4) Importer(815301076,1909f56bfc062723c751e8b465ee728b)
Start importing Assets/Prefabs/Knight/Knight_walk.prefab using Guid(d69d7d41835e9e84ea3e395ecc4149e4) Importer(815301076,1909f56bfc062723c751e8b465ee728b)  -> (artifact id: '792b8c0a32d6b61b0b7685e783ff8dd0') in 0.079060 seconds 
  Import took 0.098068 seconds .

========================================================================
Received Import Request.
  Time since last request: 1.583045 seconds.
  path: Assets/Prefabs/Knight/Knight_idle.prefab
  artifactKey: Guid(11b693e1c20dced45985f0d12fd0fa3d) Importer(815301076,1909f56bfc062723c751e8b465ee728b)
Start importing Assets/Prefabs/Knight/Knight_idle.prefab using Guid(11b693e1c20dced45985f0d12fd0fa3d) Importer(815301076,1909f56bfc062723c751e8b465ee728b)  -> (artifact id: 'ced84818b9b49fa4c50e1a8ac3b0fad7') in 0.108703 seconds 
  Import took 0.137310 seconds .

========================================================================
Received Import Request.
  Time since last request: 5.487987 seconds.
  path: Assets/Prefabs/Knight/KnightWithParts.prefab
  artifactKey: Guid(ce16fff2c4a52c74e9a81b9c9e15b78c) Importer(815301076,1909f56bfc062723c751e8b465ee728b)
Start importing Assets/Prefabs/Knight/KnightWithParts.prefab using Guid(ce16fff2c4a52c74e9a81b9c9e15b78c) Importer(815301076,1909f56bfc062723c751e8b465ee728b)  -> (artifact id: 'b9c355b38b79d571bfcca64a0a951bc4') in 0.033266 seconds 
  Import took 0.051773 seconds .

========================================================================
Received Import Request.
  Time since last request: 14.659446 seconds.
  path: Assets/Prefabs/Knight/Knight.prefab
  artifactKey: Guid(e9458901eb956a64b821e772fc5748e0) Importer(815301076,1909f56bfc062723c751e8b465ee728b)
Start importing Assets/Prefabs/Knight/Knight.prefab using Guid(e9458901eb956a64b821e772fc5748e0) Importer(815301076,1909f56bfc062723c751e8b465ee728b)  -> (artifact id: '550f6ef9dca36266f6325700b9fced9b') in 0.025173 seconds 
  Import took 0.044231 seconds .

========================================================================
Received Import Request.
  Time since last request: 29.605175 seconds.
  path: Assets/Scences/Combat.unity
  artifactKey: Guid(2c16877a0468c574bbf276fac72eaf35) Importer(815301076,1909f56bfc062723c751e8b465ee728b)
Start importing Assets/Scences/Combat.unity using Guid(2c16877a0468c574bbf276fac72eaf35) Importer(815301076,1909f56bfc062723c751e8b465ee728b)  -> (artifact id: 'a5014e3d312bfd8104efe6ce4ed57924') in 0.008700 seconds 
  Import took 0.042819 seconds .

========================================================================
Received Import Request.
  Time since last request: 11.152663 seconds.
  path: Assets/Scences/KnightShowCase.unity
  artifactKey: Guid(2c16877a0468c574bbf276fac72eaf35) Importer(815301076,1909f56bfc062723c751e8b465ee728b)
Start importing Assets/Scences/KnightShowCase.unity using Guid(2c16877a0468c574bbf276fac72eaf35) Importer(815301076,1909f56bfc062723c751e8b465ee728b)  -> (artifact id: 'd3ebdfb5acda542f92cb48101b0f04eb') in 0.008714 seconds 
  Import took 0.022087 seconds .

========================================================================
Received Import Request.
  Time since last request: 26.235043 seconds.
  path: Assets/Scences/KnightControl.unity
  artifactKey: Guid(30702bc661020e74bb8f1066b0867b04) Importer(815301076,1909f56bfc062723c751e8b465ee728b)
Start importing Assets/Scences/KnightControl.unity using Guid(30702bc661020e74bb8f1066b0867b04) Importer(815301076,1909f56bfc062723c751e8b465ee728b)  -> (artifact id: '1d9b16daf0eb3b2fb3d0e3406bddcc6b') in 0.008571 seconds 
  Import took 0.013090 seconds .

========================================================================
Received Import Request.
  Time since last request: 406.727954 seconds.
  path: Assets/Images/Background/TilesPallet/Light_Soil_Sample_0.asset
  artifactKey: Guid(0dc903ca611c1c44cbd63653c190d01a) Importer(815301076,1909f56bfc062723c751e8b465ee728b)
Start importing Assets/Images/Background/TilesPallet/Light_Soil_Sample_0.asset using Guid(0dc903ca611c1c44cbd63653c190d01a) Importer(815301076,1909f56bfc062723c751e8b465ee728b)  -> (artifact id: 'f69265c643249f7da3ea7d4fcafe316c') in 0.014766 seconds 
  Import took 0.019334 seconds .

========================================================================
Received Import Request.
  Time since last request: 0.006127 seconds.
  path: Assets/Images/Background/TilesPallet/Light_Soil_Sample_0.asset
  artifactKey: Guid(0dc903ca611c1c44cbd63653c190d01a) Importer(815301076,1909f56bfc062723c751e8b465ee728b)
Start importing Assets/Images/Background/TilesPallet/Light_Soil_Sample_0.asset using Guid(0dc903ca611c1c44cbd63653c190d01a) Importer(815301076,1909f56bfc062723c751e8b465ee728b)  -> (artifact id: 'f69265c643249f7da3ea7d4fcafe316c') in 0.006858 seconds 
  Import took 0.011823 seconds .

========================================================================
Received Import Request.
  Time since last request: 9.995204 seconds.
  path: Assets/Images/Background/TilesPallet/Light_Soil_Sample_7.asset
  artifactKey: Guid(8290e376f5ec0c74fbd18e492e580feb) Importer(815301076,1909f56bfc062723c751e8b465ee728b)
Start importing Assets/Images/Background/TilesPallet/Light_Soil_Sample_7.asset using Guid(8290e376f5ec0c74fbd18e492e580feb) Importer(815301076,1909f56bfc062723c751e8b465ee728b)  -> (artifact id: '82a5fe2cbbf9090db21be633eaef89de') in 0.010576 seconds 
  Import took 0.029659 seconds .

========================================================================
Received Import Request.
  Time since last request: 336.963050 seconds.
  path: Assets/Images/Background/TilesPallet/Light_Soil_Sample_5.asset
  artifactKey: Guid(0040101086d63a044ba1573fe2cf2a1c) Importer(815301076,1909f56bfc062723c751e8b465ee728b)
Start importing Assets/Images/Background/TilesPallet/Light_Soil_Sample_5.asset using Guid(0040101086d63a044ba1573fe2cf2a1c) Importer(815301076,1909f56bfc062723c751e8b465ee728b)  -> (artifact id: 'fd6ea1a37bc9cd1085866adf121ec5fb') in 0.010514 seconds 
  Import took 0.014891 seconds .

========================================================================
Received Import Request.
  Time since last request: 6.278918 seconds.
  path: Assets/Images/Background/TilesPallet
  artifactKey: Guid(6c364fdb4bdf00148a8086c5990f064e) Importer(815301076,1909f56bfc062723c751e8b465ee728b)
Start importing Assets/Images/Background/TilesPallet using Guid(6c364fdb4bdf00148a8086c5990f064e) Importer(815301076,1909f56bfc062723c751e8b465ee728b)  -> (artifact id: '1c4853eb146a9ce2cc5f18c329702912') in 0.009184 seconds 
  Import took 0.014153 seconds .

========================================================================
Received Import Request.
  Time since last request: 64.812461 seconds.
  path: Assets/Images/Background/TilesPallet/Light_Soil_Sample_3.asset
  artifactKey: Guid(f269eba1260f6994ab79efb1b48ac109) Importer(815301076,1909f56bfc062723c751e8b465ee728b)
Start importing Assets/Images/Background/TilesPallet/Light_Soil_Sample_3.asset using Guid(f269eba1260f6994ab79efb1b48ac109) Importer(815301076,1909f56bfc062723c751e8b465ee728b)  -> (artifact id: '4d38ad1c17f5dc46175c973db27b3610') in 0.010666 seconds 
  Import took 0.014972 seconds .

========================================================================
Received Import Request.
  Time since last request: 0.001537 seconds.
  path: Assets/Images/Background/TilesPallet/Light_Soil_Sample_3.asset
  artifactKey: Guid(f269eba1260f6994ab79efb1b48ac109) Importer(815301076,1909f56bfc062723c751e8b465ee728b)
Start importing Assets/Images/Background/TilesPallet/Light_Soil_Sample_3.asset using Guid(f269eba1260f6994ab79efb1b48ac109) Importer(815301076,1909f56bfc062723c751e8b465ee728b)  -> (artifact id: '4d38ad1c17f5dc46175c973db27b3610') in 0.006149 seconds 
  Import took 0.010136 seconds .

========================================================================
Received Import Request.
  Time since last request: 6.935772 seconds.
  path: Assets/Images/Background/TilesPallet/Light_Soil_Sample_4.asset
  artifactKey: Guid(d993d82bdd854fb41881b4d9bf9c58cb) Importer(815301076,1909f56bfc062723c751e8b465ee728b)
Start importing Assets/Images/Background/TilesPallet/Light_Soil_Sample_4.asset using Guid(d993d82bdd854fb41881b4d9bf9c58cb) Importer(815301076,1909f56bfc062723c751e8b465ee728b)  -> (artifact id: 'e43b20555da7f69f64827fab28ba6263') in 0.011048 seconds 
  Import took 0.015729 seconds .

========================================================================
Received Import Request.
  Time since last request: 0.001096 seconds.
  path: Assets/Images/Background/TilesPallet/Light_Soil_Sample_4.asset
  artifactKey: Guid(d993d82bdd854fb41881b4d9bf9c58cb) Importer(815301076,1909f56bfc062723c751e8b465ee728b)
Start importing Assets/Images/Background/TilesPallet/Light_Soil_Sample_4.asset using Guid(d993d82bdd854fb41881b4d9bf9c58cb) Importer(815301076,1909f56bfc062723c751e8b465ee728b)  -> (artifact id: 'e43b20555da7f69f64827fab28ba6263') in 0.006403 seconds 
  Import took 0.010447 seconds .

========================================================================
Received Import Request.
  Time since last request: 0.471193 seconds.
  path: Assets/Images/Background/TilesPallet/Light_Soil_Sample_8.asset
  artifactKey: Guid(ede63559b080bbf439149b2e60696928) Importer(815301076,1909f56bfc062723c751e8b465ee728b)
Start importing Assets/Images/Background/TilesPallet/Light_Soil_Sample_8.asset using Guid(ede63559b080bbf439149b2e60696928) Importer(815301076,1909f56bfc062723c751e8b465ee728b)  -> (artifact id: '76e3b7269a10142f7399c21e93ca01b4') in 0.013644 seconds 
  Import took 0.019394 seconds .

========================================================================
Received Import Request.
  Time since last request: 0.002118 seconds.
  path: Assets/Images/Background/TilesPallet/Light_Soil_Sample_8.asset
  artifactKey: Guid(ede63559b080bbf439149b2e60696928) Importer(815301076,1909f56bfc062723c751e8b465ee728b)
Start importing Assets/Images/Background/TilesPallet/Light_Soil_Sample_8.asset using Guid(ede63559b080bbf439149b2e60696928) Importer(815301076,1909f56bfc062723c751e8b465ee728b)  -> (artifact id: '76e3b7269a10142f7399c21e93ca01b4') in 0.007205 seconds 
  Import took 0.013229 seconds .

========================================================================
Received Import Request.
  Time since last request: 0.341415 seconds.
  path: Assets/Images/Background/TilesPallet/Light_Soil_Sample_11.asset
  artifactKey: Guid(f0d7f06f024295e4e8ff364fb236fc70) Importer(815301076,1909f56bfc062723c751e8b465ee728b)
Start importing Assets/Images/Background/TilesPallet/Light_Soil_Sample_11.asset using Guid(f0d7f06f024295e4e8ff364fb236fc70) Importer(815301076,1909f56bfc062723c751e8b465ee728b)  -> (artifact id: '4aa482b59c0e65d2ee73bbd5f992b92e') in 0.011070 seconds 
  Import took 0.016221 seconds .

========================================================================
Received Import Request.
  Time since last request: 0.001012 seconds.
  path: Assets/Images/Background/TilesPallet/Light_Soil_Sample_11.asset
  artifactKey: Guid(f0d7f06f024295e4e8ff364fb236fc70) Importer(815301076,1909f56bfc062723c751e8b465ee728b)
Start importing Assets/Images/Background/TilesPallet/Light_Soil_Sample_11.asset using Guid(f0d7f06f024295e4e8ff364fb236fc70) Importer(815301076,1909f56bfc062723c751e8b465ee728b)  -> (artifact id: '4aa482b59c0e65d2ee73bbd5f992b92e') in 0.006451 seconds 
  Import took 0.010548 seconds .

========================================================================
Received Import Request.
  Time since last request: 0.373365 seconds.
  path: Assets/Images/Background/TilesPallet/Light_Soil_Sample_13.asset
  artifactKey: Guid(93601888f44aab244904b042a6fc89c1) Importer(815301076,1909f56bfc062723c751e8b465ee728b)
Start importing Assets/Images/Background/TilesPallet/Light_Soil_Sample_13.asset using Guid(93601888f44aab244904b042a6fc89c1) Importer(815301076,1909f56bfc062723c751e8b465ee728b)  -> (artifact id: '22073a62bc4ff253733254aad4ddcc71') in 0.011169 seconds 
  Import took 0.018160 seconds .

========================================================================
Received Import Request.
  Time since last request: 0.002681 seconds.
  path: Assets/Images/Background/TilesPallet/Light_Soil_Sample_13.asset
  artifactKey: Guid(93601888f44aab244904b042a6fc89c1) Importer(815301076,1909f56bfc062723c751e8b465ee728b)
Start importing Assets/Images/Background/TilesPallet/Light_Soil_Sample_13.asset using Guid(93601888f44aab244904b042a6fc89c1) Importer(815301076,1909f56bfc062723c751e8b465ee728b)  -> (artifact id: '22073a62bc4ff253733254aad4ddcc71') in 0.007263 seconds 
  Import took 0.011902 seconds .

========================================================================
Received Import Request.
  Time since last request: 41.352280 seconds.
  path: Assets/Images/Background/Pallet/Light_Soil_Sample_1.asset
  artifactKey: Guid(29bba71d18fa63546adb04ab4221f3d0) Importer(815301076,1909f56bfc062723c751e8b465ee728b)
Start importing Assets/Images/Background/Pallet/Light_Soil_Sample_1.asset using Guid(29bba71d18fa63546adb04ab4221f3d0) Importer(815301076,1909f56bfc062723c751e8b465ee728b)  -> (artifact id: '42844368a6c32d7ba87df916be9c9ad3') in 0.010937 seconds 
  Import took 0.015210 seconds .

========================================================================
Received Import Request.
  Time since last request: 57.473366 seconds.
  path: Assets/Images/Background/Pallet/Light_Soil_Sample_6.asset
  artifactKey: Guid(806789aacb7488847b2772012705513a) Importer(815301076,1909f56bfc062723c751e8b465ee728b)
Start importing Assets/Images/Background/Pallet/Light_Soil_Sample_6.asset using Guid(806789aacb7488847b2772012705513a) Importer(815301076,1909f56bfc062723c751e8b465ee728b)  -> (artifact id: '09191ae387e9e7444555a5fd9a9cdd53') in 0.010790 seconds 
  Import took 0.016298 seconds .

========================================================================
Received Import Request.
  Time since last request: 0.005755 seconds.
  path: Assets/Images/Background/Pallet/Light_Soil_Sample_6.asset
  artifactKey: Guid(806789aacb7488847b2772012705513a) Importer(815301076,1909f56bfc062723c751e8b465ee728b)
Start importing Assets/Images/Background/Pallet/Light_Soil_Sample_6.asset using Guid(806789aacb7488847b2772012705513a) Importer(815301076,1909f56bfc062723c751e8b465ee728b)  -> (artifact id: '09191ae387e9e7444555a5fd9a9cdd53') in 0.005937 seconds 
  Import took 0.010279 seconds .

========================================================================
Received Import Request.
  Time since last request: 49.257727 seconds.
  path: Assets/Images/Background/Pallet/Light_Soil_Sample_0.asset
  artifactKey: Guid(0dc903ca611c1c44cbd63653c190d01a) Importer(815301076,1909f56bfc062723c751e8b465ee728b)
Start importing Assets/Images/Background/Pallet/Light_Soil_Sample_0.asset using Guid(0dc903ca611c1c44cbd63653c190d01a) Importer(815301076,1909f56bfc062723c751e8b465ee728b)  -> (artifact id: 'af15044fc71c55ac5ccc67e304f54d90') in 0.012655 seconds 
  Import took 0.017676 seconds .

========================================================================
Received Import Request.
  Time since last request: 0.000945 seconds.
  path: Assets/Images/Background/Pallet/Light_Soil_Sample_0.asset
  artifactKey: Guid(0dc903ca611c1c44cbd63653c190d01a) Importer(815301076,1909f56bfc062723c751e8b465ee728b)
Start importing Assets/Images/Background/Pallet/Light_Soil_Sample_0.asset using Guid(0dc903ca611c1c44cbd63653c190d01a) Importer(815301076,1909f56bfc062723c751e8b465ee728b)  -> (artifact id: 'af15044fc71c55ac5ccc67e304f54d90') in 0.005934 seconds 
  Import took 0.009828 seconds .

========================================================================
Received Import Request.
  Time since last request: 2.139397 seconds.
  path: Assets/Images/Background/Pallet/Light_Soil_Sample_5.asset
  artifactKey: Guid(0040101086d63a044ba1573fe2cf2a1c) Importer(815301076,1909f56bfc062723c751e8b465ee728b)
Start importing Assets/Images/Background/Pallet/Light_Soil_Sample_5.asset using Guid(0040101086d63a044ba1573fe2cf2a1c) Importer(815301076,1909f56bfc062723c751e8b465ee728b)  -> (artifact id: '3e24a9ef98a77dcb1e4644798d1f81f1') in 0.011674 seconds 
  Import took 0.015636 seconds .

========================================================================
Received Prepare
Registering precompiled user dll's ...
Registered in 0.006568 seconds.
Begin MonoManager ReloadAssembly
Native extension for LinuxStandalone target not found
Native extension for WindowsStandalone target not found
Native extension for WebGL target not found
Refreshing native plugins compatible for Editor in 0.62 ms, found 3 plugins.
Preloading 0 native plugins for Editor in 0.00 ms.
Mono: successfully reloaded assembly
- Completed reload, in  1.408 seconds
Domain Reload Profiling:
	ReloadAssembly (1409ms)
		BeginReloadAssembly (222ms)
			ExecutionOrderSort (0ms)
			DisableScriptedObjects (13ms)
			BackupInstance (0ms)
			ReleaseScriptingObjects (0ms)
			CreateAndSetChildDomain (100ms)
		EndReloadAssembly (1107ms)
			LoadAssemblies (129ms)
			RebuildTransferFunctionScriptingTraits (0ms)
			SetupTypeCache (331ms)
			ReleaseScriptCaches (1ms)
			RebuildScriptCaches (58ms)
			SetupLoadedEditorAssemblies (477ms)
				LogAssemblyErrors (0ms)
				InitializePlatformSupportModulesInManaged (26ms)
				SetLoadedEditorAssemblies (1ms)
				RefreshPlugins (1ms)
				BeforeProcessingInitializeOnLoad (114ms)
				ProcessInitializeOnLoadAttributes (313ms)
				ProcessInitializeOnLoadMethodAttributes (8ms)
				AfterProcessingInitializeOnLoad (13ms)
				EditorAssembliesLoaded (0ms)
			ExecutionOrderSort2 (0ms)
			AwakeInstancesAfterBackupRestoration (14ms)
Platform modules already initialized, skipping
Refreshing native plugins compatible for Editor in 0.85 ms, found 3 plugins.
Preloading 0 native plugins for Editor in 0.00 ms.
Unloading 2089 Unused Serialized files (Serialized files now loaded: 0)
System memory in use before: 96.2 MB.
System memory in use after: 96.3 MB.

Unloading 16 unused Assets to reduce memory usage. Loaded Objects now: 2557.
Total: 5.149900 ms (FindLiveObjects: 0.302900 ms CreateObjectMapping: 0.067200 ms MarkObjects: 4.738000 ms  DeleteObjects: 0.038500 ms)

AssetImportParameters requested are different than current active one (requested -> active):
  custom:framework-win-MediaFoundation: 216162199b28c13a410421893ffa2e32 -> 
  custom:video-decoder-ogg-theora: a1e56fd34408186e4bbccfd4996cb3dc -> 
  custom:container-muxer-webm: aa71ff27fc2769a1b78a27578f13a17b -> 
  custom:container-demuxer-webm: 4f35f7cbe854078d1ac9338744f61a02 -> 
  custom:container-demuxer-ogg: 62fdf1f143b41e24485cea50d1cbac27 -> 
  custom:video-encoder-webm-vp8: eb34c28f22e8b96e1ab97ce403110664 -> 
  custom:video-codec-MediaFoundation-h265: 746d11721c4dcdbdad8f713fa42b33f4 -> 
  custom:video-decoder-webm-vp8: 9c59270c3fd7afecdb556c50c9e8de78 -> 
  custom:audio-decoder-ogg-vorbis: bf7c407c2cedff20999df2af8eb42d56 -> 
  custom:audio-encoder-webm-vorbis: bf7c407c2cedff20999df2af8eb42d56 -> 
========================================================================
Received Prepare
Registering precompiled user dll's ...
Registered in 0.006044 seconds.
Begin MonoManager ReloadAssembly
Native extension for LinuxStandalone target not found
Native extension for WindowsStandalone target not found
Native extension for WebGL target not found
Refreshing native plugins compatible for Editor in 0.68 ms, found 3 plugins.
Preloading 0 native plugins for Editor in 0.00 ms.
Mono: successfully reloaded assembly
- Completed reload, in  1.299 seconds
Domain Reload Profiling:
	ReloadAssembly (1299ms)
		BeginReloadAssembly (143ms)
			ExecutionOrderSort (0ms)
			DisableScriptedObjects (7ms)
			BackupInstance (0ms)
			ReleaseScriptingObjects (0ms)
			CreateAndSetChildDomain (42ms)
		EndReloadAssembly (1079ms)
			LoadAssemblies (125ms)
			RebuildTransferFunctionScriptingTraits (0ms)
			SetupTypeCache (301ms)
			ReleaseScriptCaches (1ms)
			RebuildScriptCaches (54ms)
			SetupLoadedEditorAssemblies (496ms)
				LogAssemblyErrors (0ms)
				InitializePlatformSupportModulesInManaged (22ms)
				SetLoadedEditorAssemblies (1ms)
				RefreshPlugins (1ms)
				BeforeProcessingInitializeOnLoad (112ms)
				ProcessInitializeOnLoadAttributes (339ms)
				ProcessInitializeOnLoadMethodAttributes (8ms)
				AfterProcessingInitializeOnLoad (13ms)
				EditorAssembliesLoaded (0ms)
			ExecutionOrderSort2 (0ms)
			AwakeInstancesAfterBackupRestoration (11ms)
Platform modules already initialized, skipping
Refreshing native plugins compatible for Editor in 0.67 ms, found 3 plugins.
Preloading 0 native plugins for Editor in 0.00 ms.
Unloading 2089 Unused Serialized files (Serialized files now loaded: 0)
System memory in use before: 96.2 MB.
System memory in use after: 96.3 MB.

Unloading 16 unused Assets to reduce memory usage. Loaded Objects now: 2560.
Total: 3.837000 ms (FindLiveObjects: 0.275200 ms CreateObjectMapping: 0.069000 ms MarkObjects: 3.466700 ms  DeleteObjects: 0.023700 ms)

AssetImportParameters requested are different than current active one (requested -> active):
  custom:framework-win-MediaFoundation: 216162199b28c13a410421893ffa2e32 -> 
  custom:video-decoder-ogg-theora: a1e56fd34408186e4bbccfd4996cb3dc -> 
  custom:container-muxer-webm: aa71ff27fc2769a1b78a27578f13a17b -> 
  custom:container-demuxer-webm: 4f35f7cbe854078d1ac9338744f61a02 -> 
  custom:container-demuxer-ogg: 62fdf1f143b41e24485cea50d1cbac27 -> 
  custom:video-encoder-webm-vp8: eb34c28f22e8b96e1ab97ce403110664 -> 
  custom:video-codec-MediaFoundation-h265: 746d11721c4dcdbdad8f713fa42b33f4 -> 
  custom:video-decoder-webm-vp8: 9c59270c3fd7afecdb556c50c9e8de78 -> 
  custom:audio-decoder-ogg-vorbis: bf7c407c2cedff20999df2af8eb42d56 -> 
  custom:audio-encoder-webm-vorbis: bf7c407c2cedff20999df2af8eb42d56 -> 
========================================================================
Received Import Request.
  Time since last request: 926.301058 seconds.
  path: Assets/Scences/KnightControl.unity
  artifactKey: Guid(30702bc661020e74bb8f1066b0867b04) Importer(815301076,1909f56bfc062723c751e8b465ee728b)
Start importing Assets/Scences/KnightControl.unity using Guid(30702bc661020e74bb8f1066b0867b04) Importer(815301076,1909f56bfc062723c751e8b465ee728b)  -> (artifact id: 'b1d1aaf9015169feb285944d3cb3b1c6') in 0.032426 seconds 
  Import took 0.132097 seconds .

========================================================================
Received Import Request.
  Time since last request: 0.002627 seconds.
  path: Assets/Scences/KnightControl.unity
  artifactKey: Guid(30702bc661020e74bb8f1066b0867b04) Importer(815301076,1909f56bfc062723c751e8b465ee728b)
Start importing Assets/Scences/KnightControl.unity using Guid(30702bc661020e74bb8f1066b0867b04) Importer(815301076,1909f56bfc062723c751e8b465ee728b)  -> (artifact id: 'b1d1aaf9015169feb285944d3cb3b1c6') in 0.004216 seconds 
  Import took 0.008898 seconds .

========================================================================
Received Import Request.
  Time since last request: 3135.549945 seconds.
  path: Assets/Anims/Knight_idle.controller
  artifactKey: Guid(cb48ede21a2e14949bb49bd6ee2005de) Importer(815301076,1909f56bfc062723c751e8b465ee728b)
Start importing Assets/Anims/Knight_idle.controller using Guid(cb48ede21a2e14949bb49bd6ee2005de) Importer(815301076,1909f56bfc062723c751e8b465ee728b)  -> (artifact id: 'ea8e40dc2e86e7f431600c3c16932ecc') in 0.639939 seconds 
  Import took 0.811786 seconds .

========================================================================
Received Import Request.
  Time since last request: 704.044372 seconds.
  path: Assets/Anims/AttackAnim.anim
  artifactKey: Guid(237a193c6175aa147b73650bc3df95ea) Importer(815301076,1909f56bfc062723c751e8b465ee728b)
Start importing Assets/Anims/AttackAnim.anim using Guid(237a193c6175aa147b73650bc3df95ea) Importer(815301076,1909f56bfc062723c751e8b465ee728b)  -> (artifact id: 'c69ee33227ee07fa9a2c8b6dee853f22') in 0.061223 seconds 
  Import took 0.093250 seconds .

========================================================================
Received Import Request.
  Time since last request: 6.249359 seconds.
  path: Assets/Anims/BlockAnim.anim
  artifactKey: Guid(16f88a303590e814bb20edf3ae361392) Importer(815301076,1909f56bfc062723c751e8b465ee728b)
Start importing Assets/Anims/BlockAnim.anim using Guid(16f88a303590e814bb20edf3ae361392) Importer(815301076,1909f56bfc062723c751e8b465ee728b)  -> (artifact id: '2784e75a56521920ccfe777b9d47cb8f') in 0.025404 seconds 
  Import took 0.060209 seconds .

========================================================================
Received Import Request.
  Time since last request: 4.183055 seconds.
  path: Assets/Anims/CastAnim.anim
  artifactKey: Guid(d24090db24aba8644a9a1478c7a7aba1) Importer(815301076,1909f56bfc062723c751e8b465ee728b)
Start importing Assets/Anims/CastAnim.anim using Guid(d24090db24aba8644a9a1478c7a7aba1) Importer(815301076,1909f56bfc062723c751e8b465ee728b)  -> (artifact id: '54d84b8066d5d54368f033f028c7b4cc') in 0.009741 seconds 
  Import took 0.077735 seconds .

========================================================================
Received Import Request.
  Time since last request: 3.085219 seconds.
  path: Assets/Anims/CrouchAnim.anim
  artifactKey: Guid(1bf0a0f34249a5a4b95fad497e83c0bc) Importer(815301076,1909f56bfc062723c751e8b465ee728b)
Start importing Assets/Anims/CrouchAnim.anim using Guid(1bf0a0f34249a5a4b95fad497e83c0bc) Importer(815301076,1909f56bfc062723c751e8b465ee728b)  -> (artifact id: '631117cddd3ca2d7333976062f23bd21') in 0.009954 seconds 
  Import took 0.132842 seconds .

========================================================================
Received Import Request.
  Time since last request: 4.035289 seconds.
  path: Assets/Anims/DashAnim.anim
  artifactKey: Guid(66c46481a0e384e44af8e3ae8f158498) Importer(815301076,1909f56bfc062723c751e8b465ee728b)
Start importing Assets/Anims/DashAnim.anim using Guid(66c46481a0e384e44af8e3ae8f158498) Importer(815301076,1909f56bfc062723c751e8b465ee728b)  -> (artifact id: '1457e7acaea6a9eb78682e0d89a79994') in 0.010462 seconds 
  Import took 0.121569 seconds .

========================================================================
Received Import Request.
  Time since last request: 8.309040 seconds.
  path: Assets/Anims/DizzyAnim.anim
  artifactKey: Guid(c9c48a072ae15b8488a22322ba658351) Importer(815301076,1909f56bfc062723c751e8b465ee728b)
Start importing Assets/Anims/DizzyAnim.anim using Guid(c9c48a072ae15b8488a22322ba658351) Importer(815301076,1909f56bfc062723c751e8b465ee728b)  -> (artifact id: '0ee67cdef69de190f37a6d6efa4b869c') in 0.116208 seconds 
  Import took 0.132804 seconds .

========================================================================
Received Import Request.
  Time since last request: 0.793400 seconds.
  path: Assets/Anims/DieAnim.anim
  artifactKey: Guid(996138268fe9c734abc09d76b5200b6e) Importer(815301076,1909f56bfc062723c751e8b465ee728b)
Start importing Assets/Anims/DieAnim.anim using Guid(996138268fe9c734abc09d76b5200b6e) Importer(815301076,1909f56bfc062723c751e8b465ee728b)  -> (artifact id: '834cd1a2754bb36fa212affc2bce8502') in 0.007858 seconds 
  Import took 0.128552 seconds .

========================================================================
Received Import Request.
  Time since last request: 11.821866 seconds.
  path: Assets/Anims/JumpAttackAnim.anim
  artifactKey: Guid(47a1985c774a0eb46b10827135d79e78) Importer(815301076,1909f56bfc062723c751e8b465ee728b)
Start importing Assets/Anims/JumpAttackAnim.anim using Guid(47a1985c774a0eb46b10827135d79e78) Importer(815301076,1909f56bfc062723c751e8b465ee728b)  -> (artifact id: '7dbb6019d1806638e86776a7e1f3082a') in 0.008535 seconds 
  Import took 0.050983 seconds .

========================================================================
Received Import Request.
  Time since last request: 0.536477 seconds.
  path: Assets/Anims/JumpAnim.anim
  artifactKey: Guid(070caacfc0bd24947bd32adad3adcfb5) Importer(815301076,1909f56bfc062723c751e8b465ee728b)
Start importing Assets/Anims/JumpAnim.anim using Guid(070caacfc0bd24947bd32adad3adcfb5) Importer(815301076,1909f56bfc062723c751e8b465ee728b)  -> (artifact id: '95aef5005817729a6b57b3f6a22326d5') in 0.009141 seconds 
  Import took 0.116044 seconds .

========================================================================
Received Import Request.
  Time since last request: 5.727354 seconds.
  path: Assets/Anims/StrikeAnim.anim
  artifactKey: Guid(1ac08edb095e1aa47882efba3471e19d) Importer(815301076,1909f56bfc062723c751e8b465ee728b)
Start importing Assets/Anims/StrikeAnim.anim using Guid(1ac08edb095e1aa47882efba3471e19d) Importer(815301076,1909f56bfc062723c751e8b465ee728b)  -> (artifact id: 'eea1486cf7d98b0bdc130ebfc5922888') in 0.114511 seconds 
  Import took 0.152181 seconds .

========================================================================
Received Import Request.
  Time since last request: 2.223005 seconds.
  path: Assets/Anims/WalkAnim.anim
  artifactKey: Guid(2a58d0f42dc2e0544ab43aae65556a4c) Importer(815301076,1909f56bfc062723c751e8b465ee728b)
Start importing Assets/Anims/WalkAnim.anim using Guid(2a58d0f42dc2e0544ab43aae65556a4c) Importer(815301076,1909f56bfc062723c751e8b465ee728b)  -> (artifact id: '145de21734922819b2db8c1dde3fcd1b') in 0.007543 seconds 
  Import took 0.021780 seconds .

========================================================================
Received Import Request.
  Time since last request: 0.005430 seconds.
  path: Assets/Anims/WalkAnim.anim
  artifactKey: Guid(2a58d0f42dc2e0544ab43aae65556a4c) Importer(815301076,1909f56bfc062723c751e8b465ee728b)
Start importing Assets/Anims/WalkAnim.anim using Guid(2a58d0f42dc2e0544ab43aae65556a4c) Importer(815301076,1909f56bfc062723c751e8b465ee728b)  -> (artifact id: '145de21734922819b2db8c1dde3fcd1b') in 0.004238 seconds 
  Import took 0.007784 seconds .

========================================================================
Received Import Request.
  Time since last request: 3.756222 seconds.
  path: Assets/Anims/WinAnim.anim
  artifactKey: Guid(436fb1854542bd54791b428554d7a89f) Importer(815301076,1909f56bfc062723c751e8b465ee728b)
Start importing Assets/Anims/WinAnim.anim using Guid(436fb1854542bd54791b428554d7a89f) Importer(815301076,1909f56bfc062723c751e8b465ee728b)  -> (artifact id: 'ed90b48cb662ac75f3e6b52fd0d360f0') in 0.007840 seconds 
  Import took 0.020469 seconds .

